<?xml version="1.0" encoding="UTF-8"?>
<coverage generated="1737797657123" clover="3.2.0">
  <project timestamp="1737797657123" name="All files">
    <metrics statements="117" coveredstatements="115" conditionals="39" coveredconditionals="34" methods="15" coveredmethods="15" elements="171" coveredelements="164" complexity="0" loc="117" ncloc="117" packages="1" files="11" classes="11"/>
    <file name="addBinary.ts" path="/Users/jordan/dev/projects/learning/leetcode/src/problems/easy/addBinary.ts">
      <metrics statements="28" coveredstatements="26" conditionals="16" coveredconditionals="14" methods="2" coveredmethods="2"/>
      <line num="1" count="1" type="stmt"/>
      <line num="3" count="2" type="stmt"/>
      <line num="4" count="2" type="stmt"/>
      <line num="6" count="2" type="stmt"/>
      <line num="7" count="2" type="stmt"/>
      <line num="9" count="2" type="cond" truecount="2" falsecount="0"/>
      <line num="10" count="6" type="cond" truecount="1" falsecount="1"/>
      <line num="11" count="6" type="cond" truecount="2" falsecount="0"/>
      <line num="12" count="6" type="stmt"/>
      <line num="13" count="6" type="stmt"/>
      <line num="14" count="6" type="stmt"/>
      <line num="18" count="6" type="cond" truecount="4" falsecount="0"/>
      <line num="19" count="1" type="cond" truecount="1" falsecount="0"/>
      <line num="20" count="1" type="stmt"/>
      <line num="21" count="1" type="stmt"/>
      <line num="23" count="0" type="stmt"/>
      <line num="25" count="5" type="cond" truecount="2" falsecount="0"/>
      <line num="26" count="2" type="cond" truecount="1" falsecount="0"/>
      <line num="27" count="1" type="stmt"/>
      <line num="29" count="1" type="stmt"/>
      <line num="30" count="1" type="stmt"/>
      <line num="33" count="3" type="cond" truecount="0" falsecount="1"/>
      <line num="34" count="0" type="stmt"/>
      <line num="36" count="3" type="stmt"/>
      <line num="37" count="3" type="stmt"/>
      <line num="41" count="2" type="cond" truecount="1" falsecount="0"/>
      <line num="42" count="2" type="stmt"/>
      <line num="44" count="2" type="stmt"/>
    </file>
    <file name="firstOccurencInString.ts" path="/Users/jordan/dev/projects/learning/leetcode/src/problems/easy/firstOccurencInString.ts">
      <metrics statements="2" coveredstatements="2" conditionals="0" coveredconditionals="0" methods="1" coveredmethods="1"/>
      <line num="1" count="1" type="stmt"/>
      <line num="2" count="3" type="stmt"/>
    </file>
    <file name="isPalindrome.ts" path="/Users/jordan/dev/projects/learning/leetcode/src/problems/easy/isPalindrome.ts">
      <metrics statements="8" coveredstatements="8" conditionals="6" coveredconditionals="3" methods="1" coveredmethods="1"/>
      <line num="5" count="1" type="stmt"/>
      <line num="6" count="3" type="cond" truecount="0" falsecount="1"/>
      <line num="7" count="3" type="cond" truecount="1" falsecount="2"/>
      <line num="8" count="3" type="stmt"/>
      <line num="9" count="3" type="stmt"/>
      <line num="10" count="8" type="stmt"/>
      <line num="11" count="8" type="stmt"/>
      <line num="13" count="3" type="cond" truecount="2" falsecount="0"/>
    </file>
    <file name="lengthOfLastWord.ts" path="/Users/jordan/dev/projects/learning/leetcode/src/problems/easy/lengthOfLastWord.ts">
      <metrics statements="3" coveredstatements="3" conditionals="0" coveredconditionals="0" methods="2" coveredmethods="2"/>
      <line num="1" count="1" type="stmt"/>
      <line num="2" count="20" type="stmt"/>
      <line num="3" count="3" type="stmt"/>
    </file>
    <file name="longestCommonPrefix.ts" path="/Users/jordan/dev/projects/learning/leetcode/src/problems/easy/longestCommonPrefix.ts">
      <metrics statements="12" coveredstatements="12" conditionals="2" coveredconditionals="2" methods="1" coveredmethods="1"/>
      <line num="1" count="1" type="stmt"/>
      <line num="2" count="3" type="stmt"/>
      <line num="3" count="3" type="stmt"/>
      <line num="4" count="3" type="stmt"/>
      <line num="5" count="9" type="stmt"/>
      <line num="7" count="9" type="cond" truecount="1" falsecount="0"/>
      <line num="9" count="8" type="stmt"/>
      <line num="11" count="23" type="cond" truecount="1" falsecount="0"/>
      <line num="12" count="2" type="stmt"/>
      <line num="16" count="6" type="stmt"/>
      <line num="17" count="6" type="stmt"/>
      <line num="19" count="1" type="stmt"/>
    </file>
    <file name="plusOne.ts" path="/Users/jordan/dev/projects/learning/leetcode/src/problems/easy/plusOne.ts">
      <metrics statements="10" coveredstatements="10" conditionals="3" coveredconditionals="3" methods="2" coveredmethods="2"/>
      <line num="1" count="1" type="stmt"/>
      <line num="2" count="4" type="stmt"/>
      <line num="3" count="4" type="stmt"/>
      <line num="6" count="6" type="stmt"/>
      <line num="7" count="6" type="cond" truecount="1" falsecount="0"/>
      <line num="8" count="3" type="cond" truecount="2" falsecount="0"/>
      <line num="9" count="1" type="stmt"/>
      <line num="11" count="2" type="stmt"/>
      <line num="12" count="2" type="stmt"/>
      <line num="18" count="4" type="stmt"/>
    </file>
    <file name="removeDuplicates.ts" path="/Users/jordan/dev/projects/learning/leetcode/src/problems/easy/removeDuplicates.ts">
      <metrics statements="9" coveredstatements="9" conditionals="0" coveredconditionals="0" methods="1" coveredmethods="1"/>
      <line num="1" count="1" type="stmt"/>
      <line num="2" count="2" type="stmt"/>
      <line num="3" count="2" type="stmt"/>
      <line num="4" count="13" type="stmt"/>
      <line num="7" count="2" type="stmt"/>
      <line num="8" count="2" type="stmt"/>
      <line num="9" count="7" type="stmt"/>
      <line num="10" count="7" type="stmt"/>
      <line num="12" count="2" type="stmt"/>
    </file>
    <file name="removeElement.ts" path="/Users/jordan/dev/projects/learning/leetcode/src/problems/easy/removeElement.ts">
      <metrics statements="7" coveredstatements="7" conditionals="1" coveredconditionals="1" methods="1" coveredmethods="1"/>
      <line num="1" count="1" type="stmt"/>
      <line num="2" count="4" type="stmt"/>
      <line num="3" count="4" type="stmt"/>
      <line num="4" count="24" type="cond" truecount="1" falsecount="0"/>
      <line num="5" count="14" type="stmt"/>
      <line num="6" count="14" type="stmt"/>
      <line num="10" count="4" type="stmt"/>
    </file>
    <file name="romanToInt.ts" path="/Users/jordan/dev/projects/learning/leetcode/src/problems/easy/romanToInt.ts">
      <metrics statements="11" coveredstatements="11" conditionals="2" coveredconditionals="2" methods="2" coveredmethods="2"/>
      <line num="6" count="1" type="stmt"/>
      <line num="7" count="4" type="stmt"/>
      <line num="8" count="4" type="stmt"/>
      <line num="23" count="4" type="stmt"/>
      <line num="24" count="4" type="stmt"/>
      <line num="25" count="4" type="stmt"/>
      <line num="26" count="17" type="cond" truecount="2" falsecount="0"/>
      <line num="27" count="6" type="stmt"/>
      <line num="28" count="6" type="stmt"/>
      <line num="30" count="11" type="stmt"/>
      <line num="34" count="17" type="stmt"/>
    </file>
    <file name="searchInsertPosition.ts" path="/Users/jordan/dev/projects/learning/leetcode/src/problems/easy/searchInsertPosition.ts">
      <metrics statements="11" coveredstatements="11" conditionals="3" coveredconditionals="3" methods="1" coveredmethods="1"/>
      <line num="1" count="1" type="stmt"/>
      <line num="2" count="4" type="stmt"/>
      <line num="3" count="4" type="stmt"/>
      <line num="4" count="4" type="stmt"/>
      <line num="5" count="8" type="stmt"/>
      <line num="6" count="8" type="cond" truecount="1" falsecount="0"/>
      <line num="7" count="1" type="stmt"/>
      <line num="9" count="7" type="cond" truecount="2" falsecount="0"/>
      <line num="10" count="4" type="stmt"/>
      <line num="12" count="3" type="stmt"/>
      <line num="16" count="3" type="stmt"/>
    </file>
    <file name="validParenthesis.ts" path="/Users/jordan/dev/projects/learning/leetcode/src/problems/easy/validParenthesis.ts">
      <metrics statements="16" coveredstatements="16" conditionals="6" coveredconditionals="6" methods="1" coveredmethods="1"/>
      <line num="1" count="1" type="stmt"/>
      <line num="3" count="7" type="cond" truecount="1" falsecount="0"/>
      <line num="5" count="5" type="stmt"/>
      <line num="6" count="5" type="stmt"/>
      <line num="7" count="5" type="stmt"/>
      <line num="8" count="5" type="stmt"/>
      <line num="10" count="5" type="stmt"/>
      <line num="11" count="16" type="cond" truecount="2" falsecount="0"/>
      <line num="12" count="9" type="stmt"/>
      <line num="13" count="9" type="stmt"/>
      <line num="15" count="7" type="stmt"/>
      <line num="16" count="7" type="stmt"/>
      <line num="17" count="7" type="cond" truecount="1" falsecount="0"/>
      <line num="18" count="1" type="stmt"/>
      <line num="20" count="6" type="stmt"/>
      <line num="23" count="4" type="cond" truecount="2" falsecount="0"/>
    </file>
  </project>
</coverage>
