{"/Users/jordan/dev/projects/learning/leetcode/src/problems/easy/addBinary.ts": {"path":"/Users/jordan/dev/projects/learning/leetcode/src/problems/easy/addBinary.ts","statementMap":{"0":{"start":{"line":1,"column":0},"end":{"line":1,"column":16}},"1":{"start":{"line":3,"column":24},"end":{"line":3,"column":29}},"2":{"start":{"line":4,"column":28},"end":{"line":4,"column":30}},"3":{"start":{"line":6,"column":15},"end":{"line":6,"column":27}},"4":{"start":{"line":7,"column":15},"end":{"line":7,"column":27}},"5":{"start":{"line":9,"column":4},"end":{"line":15,"column":5}},"6":{"start":{"line":10,"column":21},"end":{"line":10,"column":35}},"7":{"start":{"line":11,"column":21},"end":{"line":11,"column":35}},"8":{"start":{"line":12,"column":8},"end":{"line":12,"column":46}},"9":{"start":{"line":13,"column":8},"end":{"line":13,"column":15}},"10":{"start":{"line":14,"column":8},"end":{"line":14,"column":15}},"11":{"start":{"line":18,"column":8},"end":{"line":38,"column":9}},"12":{"start":{"line":19,"column":12},"end":{"line":22,"column":13}},"13":{"start":{"line":20,"column":16},"end":{"line":20,"column":30}},"14":{"start":{"line":21,"column":16},"end":{"line":21,"column":27}},"15":{"start":{"line":23,"column":12},"end":{"line":23,"column":23}},"16":{"start":{"line":25,"column":13},"end":{"line":38,"column":9}},"17":{"start":{"line":26,"column":12},"end":{"line":28,"column":13}},"18":{"start":{"line":27,"column":16},"end":{"line":27,"column":27}},"19":{"start":{"line":29,"column":12},"end":{"line":29,"column":26}},"20":{"start":{"line":30,"column":12},"end":{"line":30,"column":23}},"21":{"start":{"line":33,"column":12},"end":{"line":35,"column":13}},"22":{"start":{"line":34,"column":16},"end":{"line":34,"column":27}},"23":{"start":{"line":36,"column":12},"end":{"line":36,"column":25}},"24":{"start":{"line":37,"column":12},"end":{"line":37,"column":23}},"25":{"start":{"line":41,"column":4},"end":{"line":43,"column":5}},"26":{"start":{"line":42,"column":8},"end":{"line":42,"column":25}},"27":{"start":{"line":44,"column":4},"end":{"line":44,"column":37}}},"fnMap":{"0":{"name":"addBinary","decl":{"start":{"line":1,"column":16},"end":{"line":1,"column":25}},"loc":{"start":{"line":1,"column":46},"end":{"line":45,"column":1}}},"1":{"name":"xOrWithCarry","decl":{"start":{"line":17,"column":13},"end":{"line":17,"column":25}},"loc":{"start":{"line":17,"column":52},"end":{"line":39,"column":5}}}},"branchMap":{"0":{"loc":{"start":{"line":9,"column":10},"end":{"line":9,"column":32}},"type":"binary-expr","locations":[{"start":{"line":9,"column":10},"end":{"line":9,"column":19}},{"start":{"line":9,"column":23},"end":{"line":9,"column":32}}]},"1":{"loc":{"start":{"line":10,"column":21},"end":{"line":10,"column":35}},"type":"binary-expr","locations":[{"start":{"line":10,"column":21},"end":{"line":10,"column":28}},{"start":{"line":10,"column":32},"end":{"line":10,"column":35}}]},"2":{"loc":{"start":{"line":11,"column":21},"end":{"line":11,"column":35}},"type":"binary-expr","locations":[{"start":{"line":11,"column":21},"end":{"line":11,"column":28}},{"start":{"line":11,"column":32},"end":{"line":11,"column":35}}]},"3":{"loc":{"start":{"line":18,"column":8},"end":{"line":38,"column":9}},"type":"if","locations":[{"start":{"line":18,"column":8},"end":{"line":38,"column":9}},{"start":{"line":25,"column":13},"end":{"line":38,"column":9}}]},"4":{"loc":{"start":{"line":18,"column":11},"end":{"line":18,"column":39}},"type":"binary-expr","locations":[{"start":{"line":18,"column":11},"end":{"line":18,"column":23}},{"start":{"line":18,"column":27},"end":{"line":18,"column":39}}]},"5":{"loc":{"start":{"line":19,"column":12},"end":{"line":22,"column":13}},"type":"if","locations":[{"start":{"line":19,"column":12},"end":{"line":22,"column":13}}]},"6":{"loc":{"start":{"line":25,"column":13},"end":{"line":38,"column":9}},"type":"if","locations":[{"start":{"line":25,"column":13},"end":{"line":38,"column":9}},{"start":{"line":32,"column":13},"end":{"line":38,"column":9}}]},"7":{"loc":{"start":{"line":26,"column":12},"end":{"line":28,"column":13}},"type":"if","locations":[{"start":{"line":26,"column":12},"end":{"line":28,"column":13}}]},"8":{"loc":{"start":{"line":33,"column":12},"end":{"line":35,"column":13}},"type":"if","locations":[{"start":{"line":33,"column":12},"end":{"line":35,"column":13}}]},"9":{"loc":{"start":{"line":41,"column":4},"end":{"line":43,"column":5}},"type":"if","locations":[{"start":{"line":41,"column":4},"end":{"line":43,"column":5}}]}},"s":{"0":1,"1":2,"2":2,"3":2,"4":2,"5":2,"6":6,"7":6,"8":6,"9":6,"10":6,"11":6,"12":1,"13":1,"14":1,"15":0,"16":5,"17":2,"18":1,"19":1,"20":1,"21":3,"22":0,"23":3,"24":3,"25":2,"26":2,"27":2},"f":{"0":2,"1":6},"b":{"0":[8,2],"1":[6,0],"2":[6,1],"3":[1,5],"4":[6,2],"5":[1],"6":[2,3],"7":[1],"8":[0],"9":[2]}}
,"/Users/jordan/dev/projects/learning/leetcode/src/problems/easy/firstOccurencInString.ts": {"path":"/Users/jordan/dev/projects/learning/leetcode/src/problems/easy/firstOccurencInString.ts","statementMap":{"0":{"start":{"line":1,"column":0},"end":{"line":1,"column":16}},"1":{"start":{"line":2,"column":4},"end":{"line":2,"column":36}}},"fnMap":{"0":{"name":"strStr","decl":{"start":{"line":1,"column":16},"end":{"line":1,"column":22}},"loc":{"start":{"line":1,"column":55},"end":{"line":3,"column":1}}}},"branchMap":{},"s":{"0":1,"1":3},"f":{"0":3},"b":{}}
,"/Users/jordan/dev/projects/learning/leetcode/src/problems/easy/isPalindrome.ts": {"path":"/Users/jordan/dev/projects/learning/leetcode/src/problems/easy/isPalindrome.ts","statementMap":{"0":{"start":{"line":5,"column":0},"end":{"line":5,"column":16}},"1":{"start":{"line":6,"column":4},"end":{"line":6,"column":30}},"2":{"start":{"line":6,"column":17},"end":{"line":6,"column":30}},"3":{"start":{"line":7,"column":4},"end":{"line":7,"column":49}},"4":{"start":{"line":7,"column":36},"end":{"line":7,"column":49}},"5":{"start":{"line":8,"column":19},"end":{"line":8,"column":20}},"6":{"start":{"line":9,"column":4},"end":{"line":12,"column":5}},"7":{"start":{"line":10,"column":8},"end":{"line":10,"column":44}},"8":{"start":{"line":11,"column":8},"end":{"line":11,"column":35}},"9":{"start":{"line":13,"column":4},"end":{"line":13,"column":65}}},"fnMap":{"0":{"name":"isPalindrome","decl":{"start":{"line":5,"column":16},"end":{"line":5,"column":28}},"loc":{"start":{"line":5,"column":40},"end":{"line":14,"column":1}}}},"branchMap":{"0":{"loc":{"start":{"line":6,"column":4},"end":{"line":6,"column":30}},"type":"if","locations":[{"start":{"line":6,"column":4},"end":{"line":6,"column":30}}]},"1":{"loc":{"start":{"line":7,"column":4},"end":{"line":7,"column":49}},"type":"if","locations":[{"start":{"line":7,"column":4},"end":{"line":7,"column":49}}]},"2":{"loc":{"start":{"line":7,"column":8},"end":{"line":7,"column":34}},"type":"binary-expr","locations":[{"start":{"line":7,"column":8},"end":{"line":7,"column":21}},{"start":{"line":7,"column":25},"end":{"line":7,"column":34}}]},"3":{"loc":{"start":{"line":13,"column":11},"end":{"line":13,"column":64}},"type":"binary-expr","locations":[{"start":{"line":13,"column":11},"end":{"line":13,"column":27}},{"start":{"line":13,"column":31},"end":{"line":13,"column":64}}]}},"s":{"0":1,"1":3,"2":0,"3":3,"4":0,"5":3,"6":3,"7":8,"8":8,"9":3},"f":{"0":3},"b":{"0":[0],"1":[0],"2":[3,0],"3":[3,3]}}
,"/Users/jordan/dev/projects/learning/leetcode/src/problems/easy/lengthOfLastWord.ts": {"path":"/Users/jordan/dev/projects/learning/leetcode/src/problems/easy/lengthOfLastWord.ts","statementMap":{"0":{"start":{"line":1,"column":0},"end":{"line":1,"column":16}},"1":{"start":{"line":2,"column":18},"end":{"line":2,"column":58}},"2":{"start":{"line":2,"column":46},"end":{"line":2,"column":57}},"3":{"start":{"line":3,"column":4},"end":{"line":3,"column":42}}},"fnMap":{"0":{"name":"lengthOfLastWord","decl":{"start":{"line":1,"column":16},"end":{"line":1,"column":32}},"loc":{"start":{"line":1,"column":42},"end":{"line":4,"column":1}}},"1":{"name":"(anonymous_1)","decl":{"start":{"line":2,"column":38},"end":{"line":2,"column":42}},"loc":{"start":{"line":2,"column":46},"end":{"line":2,"column":57}}}},"branchMap":{},"s":{"0":1,"1":3,"2":20,"3":3},"f":{"0":3,"1":20},"b":{}}
,"/Users/jordan/dev/projects/learning/leetcode/src/problems/easy/longestCommonPrefix.ts": {"path":"/Users/jordan/dev/projects/learning/leetcode/src/problems/easy/longestCommonPrefix.ts","statementMap":{"0":{"start":{"line":1,"column":0},"end":{"line":1,"column":16}},"1":{"start":{"line":2,"column":17},"end":{"line":2,"column":19}},"2":{"start":{"line":3,"column":20},"end":{"line":3,"column":21}},"3":{"start":{"line":4,"column":4},"end":{"line":18,"column":5}},"4":{"start":{"line":5,"column":30},"end":{"line":5,"column":48}},"5":{"start":{"line":7,"column":8},"end":{"line":7,"column":34}},"6":{"start":{"line":7,"column":28},"end":{"line":7,"column":34}},"7":{"start":{"line":9,"column":8},"end":{"line":14,"column":9}},"8":{"start":{"line":9,"column":21},"end":{"line":9,"column":22}},"9":{"start":{"line":11,"column":12},"end":{"line":13,"column":13}},"10":{"start":{"line":12,"column":16},"end":{"line":12,"column":30}},"11":{"start":{"line":16,"column":8},"end":{"line":16,"column":32}},"12":{"start":{"line":17,"column":8},"end":{"line":17,"column":20}},"13":{"start":{"line":19,"column":4},"end":{"line":19,"column":18}}},"fnMap":{"0":{"name":"longestCommonPrefix","decl":{"start":{"line":1,"column":16},"end":{"line":1,"column":35}},"loc":{"start":{"line":1,"column":50},"end":{"line":20,"column":1}}}},"branchMap":{"0":{"loc":{"start":{"line":7,"column":8},"end":{"line":7,"column":34}},"type":"if","locations":[{"start":{"line":7,"column":8},"end":{"line":7,"column":34}}]},"1":{"loc":{"start":{"line":11,"column":12},"end":{"line":13,"column":13}},"type":"if","locations":[{"start":{"line":11,"column":12},"end":{"line":13,"column":13}}]}},"s":{"0":1,"1":3,"2":3,"3":3,"4":9,"5":9,"6":1,"7":8,"8":8,"9":23,"10":2,"11":6,"12":6,"13":1},"f":{"0":3},"b":{"0":[1],"1":[2]}}
,"/Users/jordan/dev/projects/learning/leetcode/src/problems/easy/plusOne.ts": {"path":"/Users/jordan/dev/projects/learning/leetcode/src/problems/easy/plusOne.ts","statementMap":{"0":{"start":{"line":1,"column":0},"end":{"line":1,"column":16}},"1":{"start":{"line":2,"column":19},"end":{"line":2,"column":36}},"2":{"start":{"line":3,"column":4},"end":{"line":3,"column":30}},"3":{"start":{"line":6,"column":8},"end":{"line":6,"column":55}},"4":{"start":{"line":7,"column":8},"end":{"line":14,"column":9}},"5":{"start":{"line":8,"column":12},"end":{"line":13,"column":13}},"6":{"start":{"line":9,"column":16},"end":{"line":9,"column":34}},"7":{"start":{"line":11,"column":16},"end":{"line":11,"column":27}},"8":{"start":{"line":12,"column":16},"end":{"line":12,"column":42}},"9":{"start":{"line":18,"column":4},"end":{"line":18,"column":18}}},"fnMap":{"0":{"name":"plusOne","decl":{"start":{"line":1,"column":16},"end":{"line":1,"column":23}},"loc":{"start":{"line":1,"column":40},"end":{"line":19,"column":1}}},"1":{"name":"addOneToCurrentPosition","decl":{"start":{"line":5,"column":13},"end":{"line":5,"column":36}},"loc":{"start":{"line":5,"column":36},"end":{"line":15,"column":5}}}},"branchMap":{"0":{"loc":{"start":{"line":7,"column":8},"end":{"line":14,"column":9}},"type":"if","locations":[{"start":{"line":7,"column":8},"end":{"line":14,"column":9}}]},"1":{"loc":{"start":{"line":8,"column":12},"end":{"line":13,"column":13}},"type":"if","locations":[{"start":{"line":8,"column":12},"end":{"line":13,"column":13}},{"start":{"line":10,"column":19},"end":{"line":13,"column":13}}]}},"s":{"0":1,"1":4,"2":4,"3":6,"4":6,"5":3,"6":1,"7":2,"8":2,"9":4},"f":{"0":4,"1":6},"b":{"0":[3],"1":[1,2]}}
,"/Users/jordan/dev/projects/learning/leetcode/src/problems/easy/removeDuplicates.ts": {"path":"/Users/jordan/dev/projects/learning/leetcode/src/problems/easy/removeDuplicates.ts","statementMap":{"0":{"start":{"line":1,"column":0},"end":{"line":1,"column":16}},"1":{"start":{"line":2,"column":32},"end":{"line":2,"column":41}},"2":{"start":{"line":3,"column":4},"end":{"line":5,"column":5}},"3":{"start":{"line":4,"column":8},"end":{"line":4,"column":24}},"4":{"start":{"line":7,"column":16},"end":{"line":7,"column":17}},"5":{"start":{"line":8,"column":4},"end":{"line":11,"column":5}},"6":{"start":{"line":9,"column":8},"end":{"line":9,"column":28}},"7":{"start":{"line":10,"column":8},"end":{"line":10,"column":16}},"8":{"start":{"line":12,"column":4},"end":{"line":12,"column":23}}},"fnMap":{"0":{"name":"removeDuplicates","decl":{"start":{"line":1,"column":16},"end":{"line":1,"column":32}},"loc":{"start":{"line":1,"column":47},"end":{"line":13,"column":1}}}},"branchMap":{},"s":{"0":1,"1":2,"2":2,"3":13,"4":2,"5":2,"6":7,"7":7,"8":2},"f":{"0":2},"b":{}}
,"/Users/jordan/dev/projects/learning/leetcode/src/problems/easy/removeElement.ts": {"path":"/Users/jordan/dev/projects/learning/leetcode/src/problems/easy/removeElement.ts","statementMap":{"0":{"start":{"line":1,"column":0},"end":{"line":1,"column":16}},"1":{"start":{"line":2,"column":16},"end":{"line":2,"column":17}},"2":{"start":{"line":3,"column":4},"end":{"line":8,"column":5}},"3":{"start":{"line":3,"column":17},"end":{"line":3,"column":18}},"4":{"start":{"line":4,"column":8},"end":{"line":7,"column":9}},"5":{"start":{"line":5,"column":12},"end":{"line":5,"column":34}},"6":{"start":{"line":6,"column":12},"end":{"line":6,"column":20}},"7":{"start":{"line":10,"column":4},"end":{"line":10,"column":17}}},"fnMap":{"0":{"name":"removeElement","decl":{"start":{"line":1,"column":16},"end":{"line":1,"column":29}},"loc":{"start":{"line":1,"column":57},"end":{"line":11,"column":1}}}},"branchMap":{"0":{"loc":{"start":{"line":4,"column":8},"end":{"line":7,"column":9}},"type":"if","locations":[{"start":{"line":4,"column":8},"end":{"line":7,"column":9}}]}},"s":{"0":1,"1":4,"2":4,"3":4,"4":24,"5":14,"6":14,"7":4},"f":{"0":4},"b":{"0":[14]}}
,"/Users/jordan/dev/projects/learning/leetcode/src/problems/easy/romanToInt.ts": {"path":"/Users/jordan/dev/projects/learning/leetcode/src/problems/easy/romanToInt.ts","statementMap":{"0":{"start":{"line":6,"column":0},"end":{"line":6,"column":16}},"1":{"start":{"line":7,"column":4},"end":{"line":7,"column":24}},"2":{"start":{"line":8,"column":44},"end":{"line":22,"column":null}},"3":{"start":{"line":23,"column":29},"end":{"line":23,"column":65}},"4":{"start":{"line":24,"column":18},"end":{"line":24,"column":20}},"5":{"start":{"line":25,"column":4},"end":{"line":32,"column":5}},"6":{"start":{"line":25,"column":17},"end":{"line":25,"column":18}},"7":{"start":{"line":26,"column":8},"end":{"line":31,"column":9}},"8":{"start":{"line":27,"column":12},"end":{"line":27,"column":38}},"9":{"start":{"line":28,"column":12},"end":{"line":28,"column":16}},"10":{"start":{"line":30,"column":12},"end":{"line":30,"column":29}},"11":{"start":{"line":34,"column":4},"end":{"line":34,"column":63}},"12":{"start":{"line":34,"column":39},"end":{"line":34,"column":57}}},"fnMap":{"0":{"name":"romanToInt","decl":{"start":{"line":6,"column":16},"end":{"line":6,"column":26}},"loc":{"start":{"line":6,"column":36},"end":{"line":35,"column":1}}},"1":{"name":"(anonymous_1)","decl":{"start":{"line":34,"column":24},"end":{"line":34,"column":25}},"loc":{"start":{"line":34,"column":39},"end":{"line":34,"column":57}}}},"branchMap":{"0":{"loc":{"start":{"line":26,"column":8},"end":{"line":31,"column":9}},"type":"if","locations":[{"start":{"line":26,"column":8},"end":{"line":31,"column":9}},{"start":{"line":29,"column":15},"end":{"line":31,"column":9}}]}},"s":{"0":1,"1":4,"2":4,"3":4,"4":4,"5":4,"6":4,"7":17,"8":6,"9":6,"10":11,"11":4,"12":17},"f":{"0":4,"1":17},"b":{"0":[6,11]}}
,"/Users/jordan/dev/projects/learning/leetcode/src/problems/easy/searchInsertPosition.ts": {"path":"/Users/jordan/dev/projects/learning/leetcode/src/problems/easy/searchInsertPosition.ts","statementMap":{"0":{"start":{"line":1,"column":0},"end":{"line":1,"column":16}},"1":{"start":{"line":2,"column":16},"end":{"line":2,"column":17}},"2":{"start":{"line":3,"column":14},"end":{"line":3,"column":29}},"3":{"start":{"line":4,"column":4},"end":{"line":14,"column":5}},"4":{"start":{"line":5,"column":23},"end":{"line":5,"column":52}},"5":{"start":{"line":6,"column":8},"end":{"line":8,"column":9}},"6":{"start":{"line":7,"column":12},"end":{"line":7,"column":26}},"7":{"start":{"line":9,"column":8},"end":{"line":13,"column":9}},"8":{"start":{"line":10,"column":12},"end":{"line":10,"column":31}},"9":{"start":{"line":12,"column":12},"end":{"line":12,"column":29}},"10":{"start":{"line":16,"column":4},"end":{"line":16,"column":17}}},"fnMap":{"0":{"name":"searchInsert","decl":{"start":{"line":1,"column":16},"end":{"line":1,"column":28}},"loc":{"start":{"line":1,"column":59},"end":{"line":17,"column":1}}}},"branchMap":{"0":{"loc":{"start":{"line":6,"column":8},"end":{"line":8,"column":9}},"type":"if","locations":[{"start":{"line":6,"column":8},"end":{"line":8,"column":9}}]},"1":{"loc":{"start":{"line":9,"column":8},"end":{"line":13,"column":9}},"type":"if","locations":[{"start":{"line":9,"column":8},"end":{"line":13,"column":9}},{"start":{"line":11,"column":15},"end":{"line":13,"column":9}}]}},"s":{"0":1,"1":4,"2":4,"3":4,"4":8,"5":8,"6":1,"7":7,"8":4,"9":3,"10":3},"f":{"0":4},"b":{"0":[1],"1":[4,3]}}
,"/Users/jordan/dev/projects/learning/leetcode/src/problems/easy/validParenthesis.ts": {"path":"/Users/jordan/dev/projects/learning/leetcode/src/problems/easy/validParenthesis.ts","statementMap":{"0":{"start":{"line":1,"column":0},"end":{"line":1,"column":16}},"1":{"start":{"line":3,"column":4},"end":{"line":3,"column":40}},"2":{"start":{"line":3,"column":27},"end":{"line":3,"column":40}},"3":{"start":{"line":5,"column":18},"end":{"line":5,"column":20}},"4":{"start":{"line":6,"column":15},"end":{"line":6,"column":16}},"5":{"start":{"line":7,"column":28},"end":{"line":7,"column":43}},"6":{"start":{"line":8,"column":28},"end":{"line":8,"column":43}},"7":{"start":{"line":10,"column":4},"end":{"line":22,"column":5}},"8":{"start":{"line":10,"column":16},"end":{"line":10,"column":17}},"9":{"start":{"line":11,"column":8},"end":{"line":21,"column":9}},"10":{"start":{"line":12,"column":12},"end":{"line":12,"column":29}},"11":{"start":{"line":13,"column":12},"end":{"line":13,"column":19}},"12":{"start":{"line":15,"column":33},"end":{"line":15,"column":62}},"13":{"start":{"line":16,"column":35},"end":{"line":16,"column":64}},"14":{"start":{"line":17,"column":12},"end":{"line":19,"column":13}},"15":{"start":{"line":18,"column":16},"end":{"line":18,"column":29}},"16":{"start":{"line":20,"column":12},"end":{"line":20,"column":19}},"17":{"start":{"line":23,"column":4},"end":{"line":23,"column":null}}},"fnMap":{"0":{"name":"isValid","decl":{"start":{"line":1,"column":16},"end":{"line":1,"column":23}},"loc":{"start":{"line":1,"column":33},"end":{"line":24,"column":1}}}},"branchMap":{"0":{"loc":{"start":{"line":3,"column":4},"end":{"line":3,"column":40}},"type":"if","locations":[{"start":{"line":3,"column":4},"end":{"line":3,"column":40}}]},"1":{"loc":{"start":{"line":11,"column":8},"end":{"line":21,"column":9}},"type":"if","locations":[{"start":{"line":11,"column":8},"end":{"line":21,"column":9}},{"start":{"line":14,"column":15},"end":{"line":21,"column":9}}]},"2":{"loc":{"start":{"line":17,"column":12},"end":{"line":19,"column":13}},"type":"if","locations":[{"start":{"line":17,"column":12},"end":{"line":19,"column":13}}]},"3":{"loc":{"start":{"line":23,"column":11},"end":{"line":23,"column":36}},"type":"cond-expr","locations":[{"start":{"line":23,"column":24},"end":{"line":23,"column":28}},{"start":{"line":23,"column":31},"end":{"line":23,"column":36}}]}},"s":{"0":1,"1":7,"2":2,"3":5,"4":5,"5":5,"6":5,"7":5,"8":5,"9":16,"10":9,"11":9,"12":7,"13":7,"14":7,"15":1,"16":6,"17":4},"f":{"0":7},"b":{"0":[2],"1":[9,7],"2":[1],"3":[3,1]}}
}
