TN:
SF:src/problems/easy/addBinary.ts
FN:1,addBinary
FN:17,xOrWithCarry
FNF:2
FNH:2
FNDA:2,addBinary
FNDA:6,xOrWithCarry
DA:1,1
DA:3,2
DA:4,2
DA:6,2
DA:7,2
DA:9,2
DA:10,6
DA:11,6
DA:12,6
DA:13,6
DA:14,6
DA:18,6
DA:19,1
DA:20,1
DA:21,1
DA:23,0
DA:25,5
DA:26,2
DA:27,1
DA:29,1
DA:30,1
DA:33,3
DA:34,0
DA:36,3
DA:37,3
DA:41,2
DA:42,2
DA:44,2
LF:28
LH:26
BRDA:9,0,0,8
BRDA:9,0,1,2
BRDA:10,1,0,6
BRDA:10,1,1,0
BRDA:11,2,0,6
BRDA:11,2,1,1
BRDA:18,3,0,1
BRDA:18,3,1,5
BRDA:18,4,0,6
BRDA:18,4,1,2
BRDA:19,5,0,1
BRDA:25,6,0,2
BRDA:25,6,1,3
BRDA:26,7,0,1
BRDA:33,8,0,0
BRDA:41,9,0,2
BRF:16
BRH:14
end_of_record
TN:
SF:src/problems/easy/firstOccurencInString.ts
FN:1,strStr
FNF:1
FNH:1
FNDA:3,strStr
DA:1,1
DA:2,3
LF:2
LH:2
BRF:0
BRH:0
end_of_record
TN:
SF:src/problems/easy/isPalindrome.ts
FN:5,isPalindrome
FNF:1
FNH:1
FNDA:3,isPalindrome
DA:5,1
DA:6,3
DA:7,3
DA:8,3
DA:9,3
DA:10,8
DA:11,8
DA:13,3
LF:8
LH:8
BRDA:6,0,0,0
BRDA:7,1,0,0
BRDA:7,2,0,3
BRDA:7,2,1,0
BRDA:13,3,0,3
BRDA:13,3,1,3
BRF:6
BRH:3
end_of_record
TN:
SF:src/problems/easy/lengthOfLastWord.ts
FN:1,lengthOfLastWord
FN:2,(anonymous_1)
FNF:2
FNH:2
FNDA:3,lengthOfLastWord
FNDA:20,(anonymous_1)
DA:1,1
DA:2,20
DA:3,3
LF:3
LH:3
BRF:0
BRH:0
end_of_record
TN:
SF:src/problems/easy/longestCommonPrefix.ts
FN:1,longestCommonPrefix
FNF:1
FNH:1
FNDA:3,longestCommonPrefix
DA:1,1
DA:2,3
DA:3,3
DA:4,3
DA:5,9
DA:7,9
DA:9,8
DA:11,23
DA:12,2
DA:16,6
DA:17,6
DA:19,1
LF:12
LH:12
BRDA:7,0,0,1
BRDA:11,1,0,2
BRF:2
BRH:2
end_of_record
TN:
SF:src/problems/easy/plusOne.ts
FN:1,plusOne
FN:5,addOneToCurrentPosition
FNF:2
FNH:2
FNDA:4,plusOne
FNDA:6,addOneToCurrentPosition
DA:1,1
DA:2,4
DA:3,4
DA:6,6
DA:7,6
DA:8,3
DA:9,1
DA:11,2
DA:12,2
DA:18,4
LF:10
LH:10
BRDA:7,0,0,3
BRDA:8,1,0,1
BRDA:8,1,1,2
BRF:3
BRH:3
end_of_record
TN:
SF:src/problems/easy/removeDuplicates.ts
FN:1,removeDuplicates
FNF:1
FNH:1
FNDA:2,removeDuplicates
DA:1,1
DA:2,2
DA:3,2
DA:4,13
DA:7,2
DA:8,2
DA:9,7
DA:10,7
DA:12,2
LF:9
LH:9
BRF:0
BRH:0
end_of_record
TN:
SF:src/problems/easy/removeElement.ts
FN:1,removeElement
FNF:1
FNH:1
FNDA:4,removeElement
DA:1,1
DA:2,4
DA:3,4
DA:4,24
DA:5,14
DA:6,14
DA:10,4
LF:7
LH:7
BRDA:4,0,0,14
BRF:1
BRH:1
end_of_record
TN:
SF:src/problems/easy/romanToInt.ts
FN:6,romanToInt
FN:34,(anonymous_1)
FNF:2
FNH:2
FNDA:4,romanToInt
FNDA:17,(anonymous_1)
DA:6,1
DA:7,4
DA:8,4
DA:23,4
DA:24,4
DA:25,4
DA:26,17
DA:27,6
DA:28,6
DA:30,11
DA:34,17
LF:11
LH:11
BRDA:26,0,0,6
BRDA:26,0,1,11
BRF:2
BRH:2
end_of_record
TN:
SF:src/problems/easy/searchInsertPosition.ts
FN:1,searchInsert
FNF:1
FNH:1
FNDA:4,searchInsert
DA:1,1
DA:2,4
DA:3,4
DA:4,4
DA:5,8
DA:6,8
DA:7,1
DA:9,7
DA:10,4
DA:12,3
DA:16,3
LF:11
LH:11
BRDA:6,0,0,1
BRDA:9,1,0,4
BRDA:9,1,1,3
BRF:3
BRH:3
end_of_record
TN:
SF:src/problems/easy/validParenthesis.ts
FN:1,isValid
FNF:1
FNH:1
FNDA:7,isValid
DA:1,1
DA:3,7
DA:5,5
DA:6,5
DA:7,5
DA:8,5
DA:10,5
DA:11,16
DA:12,9
DA:13,9
DA:15,7
DA:16,7
DA:17,7
DA:18,1
DA:20,6
DA:23,4
LF:16
LH:16
BRDA:3,0,0,2
BRDA:11,1,0,9
BRDA:11,1,1,7
BRDA:17,2,0,1
BRDA:23,3,0,3
BRDA:23,3,1,1
BRF:6
BRH:6
end_of_record
